{"level":"info","message":"***************New Instance*****************"}
{"level":"error","message":"Invalid postcode."}
{"level":"info","message":"***************New Instance*****************"}
{"level":"warn","message":"You entered NYY"}
{"level":"error","message":"Invalid postcode."}
{"level":"warn","message":"You entered NW51TL"}
{"level":"info","message":"Bus Arrivals at Greenwood Centre:"}
{"level":"info","message":"Bus 214 to Moorgate, Finsbury Square is arriving in 5 minutes."}
{"level":"info","message":"Bus 88 to Clapham Common is arriving in 10 minutes."}
{"level":"info","message":"Bus 214 to Moorgate, Finsbury Square is arriving in 17 minutes."}
{"level":"info","message":"Bus 88 to Clapham Common is arriving in 22 minutes."}
{"level":"info","message":"Bus 214 to Moorgate, Finsbury Square is arriving in 29 minutes."}
{"level":"info","message":"Bus Arrivals at Lady Somerset Road:"}
{"level":"info","message":"Bus 88 to Parliament Hill Fields is arriving in 5 minutes."}
{"level":"info","message":"Bus 214 to Highgate Village is arriving in 8 minutes."}
{"level":"info","message":"Bus 88 to Parliament Hill Fields is arriving in 15 minutes."}
{"level":"info","message":"Bus 214 to Highgate Village is arriving in 20 minutes."}
{"level":"info","message":"***************New Instance*****************"}
{"level":"warn","message":"You entered HA29PP"}
{"level":"info","message":"***************New Instance*****************"}
{"level":"warn","message":"You entered HA29PP"}
{"level":"info","message":"***************New Instance*****************"}
{"level":"warn","message":"You entered HA2 9PP"}
{"level":"info","message":"Bus Arrivals at Malvern Avenue:"}
{"level":"info","message":"Bus H9 to Northwick Park Hospital is arriving in 9 minutes."}
{"level":"info","message":"Bus H9 to Northwick Park Hospital is arriving in 26 minutes."}
{"level":"info","message":"Bus Arrivals at Malvern Avenue:"}
{"level":"info","message":"Bus H10 to Northwick Park Hospital is arriving in 5 minutes."}
{"level":"info","message":"Bus H10 to Northwick Park Hospital is arriving in 22 minutes."}
{"level":"info","message":"***************New Instance*****************"}
{"level":"warn","message":"You entered HA29PP"}
{"level":"info","message":"Bus Arrivals at Malvern Avenue:"}
{"level":"info","message":"Bus H9 to Northwick Park Hospital is arriving in 0 minutes."}
{"level":"info","message":"Bus H9 to Northwick Park Hospital is arriving in 9 minutes."}
{"level":"info","message":"Bus H9 to Northwick Park Hospital is arriving in 18 minutes."}
{"level":"info","message":"Bus H9 to Northwick Park Hospital is arriving in 28 minutes."}
{"level":"info","message":"Bus Arrivals at Malvern Avenue:"}
{"level":"info","message":"Bus H10 to Northwick Park Hospital is arriving in 1 minutes."}
{"level":"info","message":"Bus H10 to Northwick Park Hospital is arriving in 10 minutes."}
{"level":"info","message":"***************New Instance*****************"}
{"level":"warn","message":"You entered HA2 9PP"}
{"level":"info","message":"Bus Arrivals at Malvern Avenue:"}
{"level":"info","message":"Bus H9 to Northwick Park Hospital is arriving in 2 minutes."}
{"level":"info","message":"Bus H9 to Northwick Park Hospital is arriving in 9 minutes."}
{"level":"info","message":"Bus H9 to Northwick Park Hospital is arriving in 19 minutes."}
{"level":"info","message":"Bus H9 to Northwick Park Hospital is arriving in 29 minutes."}
{"level":"info","message":"Bus Arrivals at Malvern Avenue:"}
{"level":"info","message":"***************New Instance*****************"}
{"level":"warn","message":"You entered NW51TL"}
{"level":"info","message":"Bus Arrivals at Greenwood Centre:"}
{"level":"info","message":"Bus 214 to Moorgate, Finsbury Square is arriving in 5 minutes."}
{"level":"info","message":"Bus 88 to Clapham Common is arriving in 10 minutes."}
{"level":"info","message":"Bus 214 to Moorgate, Finsbury Square is arriving in 17 minutes."}
{"level":"info","message":"Bus 88 to Clapham Common is arriving in 22 minutes."}
{"level":"info","message":"Bus 214 to Moorgate, Finsbury Square is arriving in 29 minutes."}
{"level":"info","message":"Bus Arrivals at Lady Somerset Road:"}
{"level":"info","message":"***************New Instance*****************"}
{"level":"warn","message":"You entered NW51TL"}
{"level":"info","message":"Bus Arrivals at Greenwood Centre:"}
{"level":"info","message":"Bus 214 to Moorgate, Finsbury Square is arriving in 5 minutes."}
{"level":"info","message":"Bus 88 to Clapham Common is arriving in 10 minutes."}
{"level":"info","message":"Bus 214 to Moorgate, Finsbury Square is arriving in 17 minutes."}
{"level":"info","message":"Bus 88 to Clapham Common is arriving in 22 minutes."}
{"level":"info","message":"Bus 214 to Moorgate, Finsbury Square is arriving in 29 minutes."}
{"level":"info","message":"Bus Arrivals at Lady Somerset Road:"}
{"level":"info","message":"Bus 214 to Highgate Village is arriving in 3 minutes."}
{"level":"info","message":"Bus 88 to Parliament Hill Fields is arriving in 9 minutes."}
{"level":"info","message":"Bus 214 to Highgate Village is arriving in 12 minutes."}
{"level":"info","message":"Bus 214 to Highgate Village is arriving in 16 minutes."}
{"level":"info","message":"Bus 88 to Parliament Hill Fields is arriving in 19 minutes."}
{"level":"warn","message":"You entered NW51TL"}
{"level":"info","message":"***************New Instance*****************"}
{"level":"warn","message":"You entered NW51TL"}
{"level":"info","message":"Bus Arrivals at Greenwood Centre:"}
{"level":"info","message":"Bus 214 to Moorgate, Finsbury Square is arriving in 3 minutes."}
{"level":"info","message":"Bus 88 to Clapham Common is arriving in 10 minutes."}
{"level":"info","message":"Bus 214 to Moorgate, Finsbury Square is arriving in 11 minutes."}
{"level":"info","message":"Bus 214 to Moorgate, Finsbury Square is arriving in 18 minutes."}
{"level":"info","message":"Bus 88 to Clapham Common is arriving in 20 minutes."}
{"level":"info","message":"Bus Arrivals at Lady Somerset Road:"}
{"level":"info","message":"Bus 214 to Highgate Village is arriving in 2 minutes."}
{"level":"info","message":"Bus 88 to Parliament Hill Fields is arriving in 8 minutes."}
{"level":"info","message":"Bus 214 to Highgate Village is arriving in 11 minutes."}
{"level":"info","message":"Bus 214 to Highgate Village is arriving in 15 minutes."}
{"level":"info","message":"Bus 88 to Parliament Hill Fields is arriving in 18 minutes."}
{"level":"warn","message":"You entered NW51TL"}
{"level":"info","message":"Bus Arrivals at Greenwood Centre:"}
{"level":"info","message":"Bus 214 to Moorgate, Finsbury Square is arriving in 5 minutes."}
{"level":"info","message":"Bus 88 to Clapham Common is arriving in 10 minutes."}
{"level":"info","message":"Bus 214 to Moorgate, Finsbury Square is arriving in 17 minutes."}
{"level":"info","message":"Bus 88 to Clapham Common is arriving in 22 minutes."}
{"level":"info","message":"Bus 214 to Moorgate, Finsbury Square is arriving in 29 minutes."}
{"level":"info","message":"Bus Arrivals at Lady Somerset Road:"}
{"level":"info","message":"***************New Instance*****************"}
{"level":"warn","message":"You entered NW51TL"}
{"level":"warn","message":"You entered NW51TL"}
{"level":"info","message":"Bus Arrivals at Greenwood Centre:"}
{"level":"info","message":"Bus 88 to Clapham Common is arriving in 7 minutes."}
{"level":"info","message":"Bus 214 to Moorgate, Finsbury Square is arriving in 8 minutes."}
{"level":"info","message":"Bus 214 to Moorgate, Finsbury Square is arriving in 15 minutes."}
{"level":"info","message":"Bus 88 to Clapham Common is arriving in 17 minutes."}
{"level":"info","message":"Bus 214 to Moorgate, Finsbury Square is arriving in 23 minutes."}
{"level":"info","message":"Bus Arrivals at Lady Somerset Road:"}
{"level":"info","message":"***************New Instance*****************"}
{"level":"warn","message":"You entered NW51TL"}
{"level":"info","message":"Bus Arrivals at Greenwood Centre:"}
{"level":"info","message":"Bus 214 to Moorgate, Finsbury Square is arriving in 5 minutes."}
{"level":"info","message":"Bus 88 to Clapham Common is arriving in 10 minutes."}
{"level":"info","message":"Bus 214 to Moorgate, Finsbury Square is arriving in 17 minutes."}
{"level":"info","message":"Bus 88 to Clapham Common is arriving in 22 minutes."}
{"level":"info","message":"Bus 214 to Moorgate, Finsbury Square is arriving in 29 minutes."}
{"level":"info","message":"Bus Arrivals at Lady Somerset Road:"}
{"level":"info","message":"***************New Instance*****************"}
{"level":"info","message":"Bus Arrivals at Greenwood Centre:"}
{"level":"info","message":"Bus 88 to Clapham Common is arriving in 0 minutes."}
{"level":"info","message":"Bus 214 to Moorgate, Finsbury Square is arriving in 5 minutes."}
{"level":"info","message":"Bus 88 to Clapham Common is arriving in 8 minutes."}
{"level":"info","message":"Bus 214 to Moorgate, Finsbury Square is arriving in 15 minutes."}
{"level":"info","message":"Bus 214 to Moorgate, Finsbury Square is arriving in 21 minutes."}
{"level":"info","message":"Bus Arrivals at Lady Somerset Road:"}
{"level":"info","message":"Bus 214 to Highgate Village is arriving in 3 minutes."}
{"level":"info","message":"Bus 88 to Parliament Hill Fields is arriving in 6 minutes."}
{"level":"info","message":"Bus 214 to Highgate Village is arriving in 6 minutes."}
{"level":"info","message":"Bus 88 to Parliament Hill Fields is arriving in 12 minutes."}
{"level":"info","message":"Bus 214 to Highgate Village is arriving in 13 minutes."}
{"level":"info","message":"***************New Instance*****************"}
{"level":"info","message":"Bus Arrivals at Malvern Avenue:"}
{"level":"info","message":"Bus H9 to Northwick Park Hospital is arriving in 6 minutes."}
{"level":"info","message":"Bus H9 to Northwick Park Hospital is arriving in 19 minutes."}
{"level":"info","message":"Bus Arrivals at Malvern Avenue:"}
{"level":"info","message":"Bus H10 to Northwick Park Hospital is arriving in 3 minutes."}
{"level":"info","message":"Bus H10 to Northwick Park Hospital is arriving in 10 minutes."}
{"level":"info","message":"Bus H10 to Northwick Park Hospital is arriving in 21 minutes."}
{"level":"info","message":"***************New Instance*****************"}
{"level":"info","message":"Bus Arrivals at Malvern Avenue:"}
{"level":"info","message":"Bus H9 to Northwick Park Hospital is arriving in 6 minutes."}
{"level":"info","message":"Bus H9 to Northwick Park Hospital is arriving in 16 minutes."}
{"level":"info","message":"Bus H9 to Northwick Park Hospital is arriving in 26 minutes."}
{"level":"info","message":"Bus Arrivals at Malvern Avenue:"}
{"level":"info","message":"Bus H10 to Northwick Park Hospital is arriving in 0 minutes."}
{"level":"info","message":"Bus H10 to Northwick Park Hospital is arriving in 7 minutes."}
{"level":"info","message":"Bus H10 to Northwick Park Hospital is arriving in 19 minutes."}
{"level":"info","message":"Bus H10 to Northwick Park Hospital is arriving in 28 minutes."}
{"level":"info","message":"***************New Instance*****************"}
{"level":"info","message":"Bus Arrivals at Malvern Avenue:"}
{"level":"info","message":"Bus H9 to Northwick Park Hospital is arriving in 6 minutes."}
{"level":"info","message":"Bus H9 to Northwick Park Hospital is arriving in 14 minutes."}
{"level":"info","message":"Bus H9 to Northwick Park Hospital is arriving in 25 minutes."}
{"level":"info","message":"Bus Arrivals at Malvern Avenue:"}
{"level":"info","message":"Bus H10 to Northwick Park Hospital is arriving in 6 minutes."}
{"level":"info","message":"Bus H10 to Northwick Park Hospital is arriving in 17 minutes."}
{"level":"info","message":"Bus H10 to Northwick Park Hospital is arriving in 26 minutes."}
{"level":"info","message":"***************New Instance*****************"}
{"level":"info","message":"Bus Arrivals at Malvern Avenue:"}
{"level":"info","message":"Bus H9 to Northwick Park Hospital is arriving in 4 minutes."}
{"level":"info","message":"Bus H9 to Northwick Park Hospital is arriving in 12 minutes."}
{"level":"info","message":"Bus H9 to Northwick Park Hospital is arriving in 23 minutes."}
{"level":"info","message":"Bus Arrivals at Malvern Avenue:"}
{"level":"info","message":"Bus H10 to Northwick Park Hospital is arriving in 4 minutes."}
{"level":"info","message":"Bus H10 to Northwick Park Hospital is arriving in 16 minutes."}
{"level":"info","message":"Bus H10 to Northwick Park Hospital is arriving in 25 minutes."}
{"level":"info","message":"***************New Instance*****************"}
{"level":"info","message":"Bus Arrivals at Malvern Avenue:"}
{"level":"info","message":"Bus H9 to Northwick Park Hospital is arriving in 2 minutes."}
{"level":"info","message":"Bus H9 to Northwick Park Hospital is arriving in 10 minutes."}
{"level":"info","message":"Bus Arrivals at Malvern Avenue:"}
{"level":"info","message":"Bus H10 to Northwick Park Hospital is arriving in 3 minutes."}
{"level":"info","message":"Bus H10 to Northwick Park Hospital is arriving in 14 minutes."}
{"level":"info","message":"Bus H10 to Northwick Park Hospital is arriving in 23 minutes."}
{"level":"info","message":"***************New Instance*****************"}
{"level":"info","message":"Bus Arrivals at Malvern Avenue:"}
{"level":"info","message":"Bus H9 to Northwick Park Hospital is arriving in 2 minutes."}
{"level":"info","message":"Bus H9 to Northwick Park Hospital is arriving in 10 minutes."}
{"level":"info","message":"Bus Arrivals at Malvern Avenue:"}
{"level":"info","message":"Bus H10 to Northwick Park Hospital is arriving in 3 minutes."}
{"level":"info","message":"Bus H10 to Northwick Park Hospital is arriving in 14 minutes."}
{"level":"info","message":"Bus H10 to Northwick Park Hospital is arriving in 23 minutes."}
{"level":"info","message":"***************New Instance*****************"}
{"level":"error","message":"Invalid postcode."}
{"level":"info","message":"Bus Arrivals at Greenwood Centre:"}
{"level":"info","message":"Bus 214 to Moorgate, Finsbury Square is arriving in 0 minutes."}
{"level":"info","message":"Bus 88 to Clapham Common is arriving in 6 minutes."}
{"level":"info","message":"Bus 214 to Moorgate, Finsbury Square is arriving in 7 minutes."}
{"level":"info","message":"Bus 214 to Moorgate, Finsbury Square is arriving in 14 minutes."}
{"level":"info","message":"Bus 88 to Clapham Common is arriving in 16 minutes."}
{"level":"info","message":"Bus Arrivals at Lady Somerset Road:"}
{"level":"info","message":"Bus 214 to Highgate Village is arriving in 4 minutes."}
{"level":"info","message":"Bus 88 to Parliament Hill Fields is arriving in 7 minutes."}
{"level":"info","message":"Bus 214 to Highgate Village is arriving in 8 minutes."}
{"level":"info","message":"Bus 88 to Parliament Hill Fields is arriving in 15 minutes."}
{"level":"info","message":"Bus 214 to Highgate Village is arriving in 15 minutes."}
{"level":"info","message":"***************New Instance*****************"}
{"level":"info","message":"Bus Arrivals at Greenwood Centre:"}
{"level":"info","message":"Bus 88 to Clapham Common is arriving in 3 minutes."}
{"level":"info","message":"Bus 214 to Moorgate, Finsbury Square is arriving in 5 minutes."}
{"level":"info","message":"Bus 214 to Moorgate, Finsbury Square is arriving in 12 minutes."}
{"level":"info","message":"Bus 88 to Clapham Common is arriving in 13 minutes."}
{"level":"info","message":"Bus 214 to Moorgate, Finsbury Square is arriving in 20 minutes."}
{"level":"info","message":"Bus Arrivals at Lady Somerset Road:"}
{"level":"info","message":"Bus 214 to Highgate Village is arriving in 1 minutes."}
{"level":"info","message":"Bus 88 to Parliament Hill Fields is arriving in 3 minutes."}
{"level":"info","message":"Bus 214 to Highgate Village is arriving in 6 minutes."}
{"level":"info","message":"Bus 88 to Parliament Hill Fields is arriving in 12 minutes."}
{"level":"info","message":"Bus 214 to Highgate Village is arriving in 13 minutes."}
{"level":"info","message":"***************New Instance*****************"}
{"level":"info","message":"Bus Arrivals at Malvern Avenue:"}
{"level":"info","message":"Bus H9 to Northwick Park Hospital is arriving in 0 minutes."}
{"level":"info","message":"Bus H9 to Northwick Park Hospital is arriving in 9 minutes."}
{"level":"info","message":"Bus Arrivals at Malvern Avenue:"}
{"level":"info","message":"Bus H10 to Northwick Park Hospital is arriving in 2 minutes."}
{"level":"info","message":"Bus H10 to Northwick Park Hospital is arriving in 12 minutes."}
{"level":"info","message":"Bus H10 to Northwick Park Hospital is arriving in 22 minutes."}
{"level":"info","message":"***************New Instance*****************"}
{"level":"info","message":"***************New Instance*****************"}
{"level":"info","message":"***************New Instance*****************"}
{"level":"error","message":"Invalid postcode."}
{"level":"info","message":"***************New Instance*****************"}
{"level":"info","message":"***************New Instance*****************"}
{"level":"info","message":"Bus Arrivals at Greenwood Centre:"}
{"level":"info","message":"Bus 214 to Moorgate, Finsbury Square is arriving in 5 minutes."}
{"level":"info","message":"Bus 88 to Clapham Common is arriving in 10 minutes."}
{"level":"info","message":"Bus 214 to Moorgate, Finsbury Square is arriving in 17 minutes."}
{"level":"info","message":"Bus 88 to Clapham Common is arriving in 22 minutes."}
{"level":"info","message":"Bus 214 to Moorgate, Finsbury Square is arriving in 29 minutes."}
{"level":"info","message":"Bus Arrivals at Lady Somerset Road:"}
{"level":"info","message":"***************New Instance*****************"}
{"level":"info","message":"Bus Arrivals at Greenwood Centre:"}
{"level":"info","message":"Bus 88 to Clapham Common is arriving in 5 minutes."}
{"level":"info","message":"Bus 214 to Moorgate, Finsbury Square is arriving in 5 minutes."}
{"level":"info","message":"Bus 214 to Moorgate, Finsbury Square is arriving in 13 minutes."}
{"level":"info","message":"Bus 88 to Clapham Common is arriving in 15 minutes."}
{"level":"info","message":"Bus 214 to Moorgate, Finsbury Square is arriving in 21 minutes."}
{"level":"info","message":"Bus Arrivals at Lady Somerset Road:"}
{"level":"info","message":"Bus 88 to Parliament Hill Fields is arriving in 0 minutes."}
{"level":"info","message":"Bus 214 to Highgate Village is arriving in 3 minutes."}
{"level":"info","message":"Bus 88 to Parliament Hill Fields is arriving in 9 minutes."}
{"level":"info","message":"Bus 214 to Highgate Village is arriving in 12 minutes."}
{"level":"info","message":"Bus 214 to Highgate Village is arriving in 20 minutes."}
{"level":"info","message":"***************New Instance*****************"}
{"level":"info","message":"Bus Arrivals at Greenwood Centre:"}
{"level":"info","message":"Bus 214 to Moorgate, Finsbury Square is arriving in 0 minutes."}
{"level":"info","message":"Bus 88 to Clapham Common is arriving in 2 minutes."}
{"level":"info","message":"Bus 214 to Moorgate, Finsbury Square is arriving in 8 minutes."}
{"level":"info","message":"Bus 88 to Clapham Common is arriving in 12 minutes."}
{"level":"info","message":"Bus 88 to Clapham Common is arriving in 22 minutes."}
{"level":"info","message":"Bus Arrivals at Lady Somerset Road:"}
{"level":"info","message":"Bus 214 to Highgate Village is arriving in 5 minutes."}
{"level":"info","message":"Bus 214 to Highgate Village is arriving in 14 minutes."}
{"level":"info","message":"Bus 88 to Parliament Hill Fields is arriving in 18 minutes."}
{"level":"info","message":"Bus 214 to Highgate Village is arriving in 25 minutes."}
{"level":"info","message":"Bus 88 to Parliament Hill Fields is arriving in 26 minutes."}
